2023-06-01 14:51:29.398: Dataset name: yelp2018
The number of users: 31668
The number of items: 38048
The number of ratings: 1561406
Average actions of users: 49.31
Average actions of items: 41.04
The sparsity of the dataset: 99.870412%
2023-06-01 14:51:29.398: 

NeuRec hyperparameters:
recommender=SGL
config_dir=./conf
gpu_id=1
gpu_mem=0.5
data.input.path=dataset
data.input.dataset=yelp2018
data.column.format=UI
data.convert.separator=','
user_min=0
item_min=0
splitter=given
ratio=0.8
by_time=False
metric=["Precision", "Recall", "NDCG", "MAP", "MRR"]
topk=[20]
group_view=None
rec.evaluate.neg=0
test_batch_size=128
num_thread=8
start_testing_epoch=0
proj_path=./

SGL's hyperparameters:
seed=2021
aug_type=1
reg=1e-4
embed_size=64
n_layers=3
ssl_reg=0.2
ssl_ratio=0.2
ssl_temp=0.3
ssl_mode=both_side
ssl_loss_type=2
lr=0.001
learner=adam
adj_type=pre
epochs=1000
batch_size=2048
num_negatives=1
init_method=xavier_uniform
stddev=0.01
verbose=1
stop_cnt=50
pretrain=0
save_flag=1

2023-06-01 14:51:33.094: metrics:	Precision@20	Recall@20   	NDCG@20     	MAP@20      	MRR@20      
2023-06-01 14:51:36.645: 		0.00028262  	0.00051717  	0.00041413  	0.00096939  	0.00097268  
2023-06-01 14:52:45.443: [iter 1 : loss : 4.5487 = 0.6930 + 3.8557 + 0.0000, time: 66.630486]
2023-06-01 14:52:49.887: epoch 1:	0.00329516  	0.00720310  	0.00545794  	0.01058557  	0.01126637  
2023-06-01 14:52:49.887: Found a better model.
2023-06-01 14:52:49.887: Save model to file as pretrain.
2023-06-01 14:54:02.072: [iter 2 : loss : 4.5465 = 0.6923 + 3.8542 + 0.0000, time: 69.890909]
2023-06-01 14:54:06.142: epoch 2:	0.00360305  	0.00813154  	0.00633970  	0.01177742  	0.01285325  
2023-06-01 14:54:06.142: Found a better model.
2023-06-01 14:54:06.142: Save model to file as pretrain.
2023-06-01 14:55:20.478: [iter 3 : loss : 4.5343 = 0.6793 + 3.8550 + 0.0000, time: 70.914326]
2023-06-01 14:55:24.208: epoch 3:	0.00548041  	0.01217874  	0.00977167  	0.01752951  	0.01993722  
2023-06-01 14:55:24.208: Found a better model.
2023-06-01 14:55:24.208: Save model to file as pretrain.
2023-06-01 14:56:37.443: [iter 4 : loss : 4.4804 = 0.6219 + 3.8584 + 0.0001, time: 70.075210]
2023-06-01 14:56:41.522: epoch 4:	0.01105990  	0.02433528  	0.01933236  	0.03407571  	0.03829160  
2023-06-01 14:56:41.522: Found a better model.
2023-06-01 14:56:41.522: Save model to file as pretrain.
2023-06-01 14:57:57.104: [iter 5 : loss : 4.3569 = 0.4841 + 3.8725 + 0.0003, time: 72.481829]
2023-06-01 14:58:01.108: epoch 5:	0.01770288  	0.03824911  	0.03110777  	0.05870975  	0.06480781  
2023-06-01 14:58:01.108: Found a better model.
2023-06-01 14:58:01.108: Save model to file as pretrain.
2023-06-01 14:59:15.434: [iter 6 : loss : 4.1087 = 0.2076 + 3.9004 + 0.0007, time: 71.061906]
2023-06-01 14:59:19.358: epoch 6:	0.01916780  	0.04130080  	0.03367275  	0.06442884  	0.07089191  
2023-06-01 14:59:19.358: Found a better model.
2023-06-01 14:59:19.358: Save model to file as pretrain.
2023-06-01 15:00:35.325: [iter 7 : loss : 4.0296 = 0.1300 + 3.8986 + 0.0010, time: 72.679178]
2023-06-01 15:00:39.536: epoch 7:	0.02007391  	0.04296423  	0.03521951  	0.06770460  	0.07460854  
2023-06-01 15:00:39.536: Found a better model.
2023-06-01 15:00:39.536: Save model to file as pretrain.
2023-06-01 15:01:53.223: [iter 8 : loss : 4.0070 = 0.1127 + 3.8930 + 0.0012, time: 70.477627]
2023-06-01 15:01:56.918: epoch 8:	0.02070693  	0.04429075  	0.03638936  	0.06993762  	0.07718837  
2023-06-01 15:01:56.918: Found a better model.
2023-06-01 15:01:56.918: Save model to file as pretrain.
2023-06-01 15:03:09.705: [iter 9 : loss : 3.9927 = 0.1025 + 3.8888 + 0.0014, time: 69.563099]
2023-06-01 15:03:13.603: epoch 9:	0.02123893  	0.04548685  	0.03733478  	0.07161187  	0.07901105  
2023-06-01 15:03:13.604: Found a better model.
2023-06-01 15:03:13.604: Save model to file as pretrain.
2023-06-01 15:04:29.161: [iter 10 : loss : 3.9824 = 0.0951 + 3.8858 + 0.0015, time: 72.415834]
2023-06-01 15:04:33.357: epoch 10:	0.02159256  	0.04631993  	0.03805200  	0.07307784  	0.08063772  
2023-06-01 15:04:33.357: Found a better model.
2023-06-01 15:04:33.357: Save model to file as pretrain.
2023-06-01 15:05:51.123: [iter 11 : loss : 3.9747 = 0.0896 + 3.8835 + 0.0016, time: 74.412618]
2023-06-01 15:05:54.863: epoch 11:	0.02178831  	0.04678810  	0.03851027  	0.07411401  	0.08163253  
2023-06-01 15:05:54.863: Found a better model.
2023-06-01 15:05:54.863: Save model to file as pretrain.
2023-06-01 15:07:09.837: [iter 12 : loss : 3.9681 = 0.0847 + 3.8817 + 0.0017, time: 71.684688]
2023-06-01 15:07:14.234: epoch 12:	0.02203772  	0.04741247  	0.03894429  	0.07462889  	0.08256672  
2023-06-01 15:07:14.235: Found a better model.
2023-06-01 15:07:14.235: Save model to file as pretrain.
2023-06-01 15:08:28.853: [iter 13 : loss : 3.9625 = 0.0806 + 3.8801 + 0.0018, time: 71.350466]
2023-06-01 15:08:32.233: epoch 13:	0.02228238  	0.04795743  	0.03934196  	0.07526620  	0.08315670  
2023-06-01 15:08:32.234: Found a better model.
2023-06-01 15:08:32.234: Save model to file as pretrain.
2023-06-01 15:09:44.909: [iter 14 : loss : 3.9584 = 0.0776 + 3.8788 + 0.0020, time: 69.429602]
2023-06-01 15:09:49.212: epoch 14:	0.02246710  	0.04849058  	0.03978186  	0.07594836  	0.08421473  
2023-06-01 15:09:49.212: Found a better model.
2023-06-01 15:09:49.212: Save model to file as pretrain.
2023-06-01 15:11:03.843: [iter 15 : loss : 3.9535 = 0.0737 + 3.8777 + 0.0021, time: 71.317528]
2023-06-01 15:11:08.078: epoch 15:	0.02262654  	0.04892764  	0.04012034  	0.07652141  	0.08487894  
2023-06-01 15:11:08.078: Found a better model.
2023-06-01 15:11:08.078: Save model to file as pretrain.
2023-06-01 15:12:18.532: [iter 16 : loss : 3.9502 = 0.0713 + 3.8768 + 0.0022, time: 67.132506]
2023-06-01 15:12:22.703: epoch 16:	0.02286334  	0.04951743  	0.04051550  	0.07715917  	0.08556142  
2023-06-01 15:12:22.704: Found a better model.
2023-06-01 15:12:22.704: Save model to file as pretrain.
2023-06-01 15:13:37.953: [iter 17 : loss : 3.9467 = 0.0685 + 3.8760 + 0.0022, time: 72.029544]
2023-06-01 15:13:42.172: epoch 17:	0.02304328  	0.05008150  	0.04088755  	0.07770440  	0.08616839  
2023-06-01 15:13:42.172: Found a better model.
2023-06-01 15:13:42.172: Save model to file as pretrain.
2023-06-01 15:14:51.591: [iter 18 : loss : 3.9438 = 0.0663 + 3.8752 + 0.0023, time: 66.393463]
2023-06-01 15:14:55.848: epoch 18:	0.02309854  	0.05021210  	0.04106017  	0.07797281  	0.08647023  
2023-06-01 15:14:55.848: Found a better model.
2023-06-01 15:14:55.848: Save model to file as pretrain.
2023-06-01 15:16:11.605: [iter 19 : loss : 3.9416 = 0.0646 + 3.8745 + 0.0024, time: 72.609498]
2023-06-01 15:16:15.586: epoch 19:	0.02325005  	0.05075204  	0.04137686  	0.07853188  	0.08705762  
2023-06-01 15:16:15.586: Found a better model.
2023-06-01 15:16:15.586: Save model to file as pretrain.
2023-06-01 15:17:29.781: [iter 20 : loss : 3.9384 = 0.0620 + 3.8739 + 0.0025, time: 70.969081]
2023-06-01 15:17:33.791: epoch 20:	0.02345688  	0.05116633  	0.04165812  	0.07888305  	0.08742359  
2023-06-01 15:17:33.791: Found a better model.
2023-06-01 15:17:33.791: Save model to file as pretrain.
2023-06-01 15:18:45.451: [iter 21 : loss : 3.9364 = 0.0604 + 3.8733 + 0.0026, time: 68.439859]
2023-06-01 15:18:48.814: epoch 21:	0.02362895  	0.05167599  	0.04200961  	0.07930236  	0.08800635  
2023-06-01 15:18:48.814: Found a better model.
2023-06-01 15:18:48.814: Save model to file as pretrain.
2023-06-01 15:20:03.620: [iter 22 : loss : 3.9349 = 0.0595 + 3.8728 + 0.0027, time: 71.935017]
2023-06-01 15:20:07.970: epoch 22:	0.02371104  	0.05188230  	0.04223731  	0.07966103  	0.08851000  
2023-06-01 15:20:07.970: Found a better model.
2023-06-01 15:20:07.970: Save model to file as pretrain.
2023-06-01 15:21:24.509: [iter 23 : loss : 3.9328 = 0.0577 + 3.8723 + 0.0028, time: 73.233186]
2023-06-01 15:21:28.793: epoch 23:	0.02384049  	0.05230616  	0.04257873  	0.08048584  	0.08942804  
2023-06-01 15:21:28.793: Found a better model.
2023-06-01 15:21:28.793: Save model to file as pretrain.
2023-06-01 15:22:44.057: [iter 24 : loss : 3.9309 = 0.0561 + 3.8719 + 0.0029, time: 72.002298]
2023-06-01 15:22:48.224: epoch 24:	0.02400153  	0.05278958  	0.04289851  	0.08102649  	0.08992205  
2023-06-01 15:22:48.224: Found a better model.
2023-06-01 15:22:48.224: Save model to file as pretrain.
2023-06-01 15:24:02.015: [iter 25 : loss : 3.9291 = 0.0546 + 3.8715 + 0.0029, time: 70.581977]
2023-06-01 15:24:06.269: epoch 25:	0.02405205  	0.05292720  	0.04310148  	0.08148199  	0.09052578  
2023-06-01 15:24:06.269: Found a better model.
2023-06-01 15:24:06.269: Save model to file as pretrain.
2023-06-01 15:25:17.214: [iter 26 : loss : 3.9276 = 0.0534 + 3.8711 + 0.0030, time: 67.801700]
2023-06-01 15:25:21.202: epoch 26:	0.02423360  	0.05343940  	0.04344785  	0.08204629  	0.09113251  
2023-06-01 15:25:21.203: Found a better model.
2023-06-01 15:25:21.203: Save model to file as pretrain.
2023-06-01 15:26:34.413: [iter 27 : loss : 3.9260 = 0.0521 + 3.8708 + 0.0031, time: 70.032862]
2023-06-01 15:26:38.843: epoch 27:	0.02432674  	0.05366779  	0.04365166  	0.08232770  	0.09153935  
2023-06-01 15:26:38.844: Found a better model.
2023-06-01 15:26:38.844: Save model to file as pretrain.
2023-06-01 15:27:52.847: [iter 28 : loss : 3.9248 = 0.0512 + 3.8704 + 0.0032, time: 70.758839]
2023-06-01 15:27:57.090: epoch 28:	0.02449566  	0.05404868  	0.04392494  	0.08274769  	0.09207381  
2023-06-01 15:27:57.090: Found a better model.
2023-06-01 15:27:57.090: Save model to file as pretrain.
2023-06-01 15:29:10.581: [iter 29 : loss : 3.9231 = 0.0497 + 3.8701 + 0.0032, time: 70.204414]
2023-06-01 15:29:14.597: epoch 29:	0.02461407  	0.05437965  	0.04414342  	0.08289450  	0.09228050  
2023-06-01 15:29:14.597: Found a better model.
2023-06-01 15:29:14.597: Save model to file as pretrain.
2023-06-01 15:30:29.261: [iter 30 : loss : 3.9222 = 0.0490 + 3.8698 + 0.0033, time: 71.321849]
2023-06-01 15:30:33.676: epoch 30:	0.02465826  	0.05454633  	0.04429457  	0.08333420  	0.09276248  
2023-06-01 15:30:33.676: Found a better model.
2023-06-01 15:30:33.676: Save model to file as pretrain.
2023-06-01 15:31:51.399: [iter 31 : loss : 3.9207 = 0.0477 + 3.8696 + 0.0034, time: 74.532716]
2023-06-01 15:31:54.642: epoch 31:	0.02475457  	0.05471586  	0.04443825  	0.08371495  	0.09307920  
2023-06-01 15:31:54.642: Found a better model.
2023-06-01 15:31:54.642: Save model to file as pretrain.
2023-06-01 15:33:07.092: [iter 32 : loss : 3.9200 = 0.0473 + 3.8693 + 0.0035, time: 69.252004]
2023-06-01 15:33:11.224: epoch 32:	0.02474666  	0.05479525  	0.04454864  	0.08416577  	0.09326700  
2023-06-01 15:33:11.224: Found a better model.
2023-06-01 15:33:11.224: Save model to file as pretrain.
2023-06-01 15:34:24.768: [iter 33 : loss : 3.9188 = 0.0462 + 3.8690 + 0.0035, time: 70.433478]
2023-06-01 15:34:28.964: epoch 33:	0.02485714  	0.05506580  	0.04473451  	0.08428165  	0.09356376  
2023-06-01 15:34:28.964: Found a better model.
2023-06-01 15:34:28.964: Save model to file as pretrain.
2023-06-01 15:35:42.179: [iter 34 : loss : 3.9178 = 0.0454 + 3.8688 + 0.0036, time: 69.996906]
2023-06-01 15:35:46.355: epoch 34:	0.02493925  	0.05529941  	0.04496757  	0.08485382  	0.09420692  
2023-06-01 15:35:46.355: Found a better model.
2023-06-01 15:35:46.355: Save model to file as pretrain.
2023-06-01 15:37:00.861: [iter 35 : loss : 3.9172 = 0.0449 + 3.8686 + 0.0037, time: 71.276588]
2023-06-01 15:37:05.048: epoch 35:	0.02500554  	0.05549056  	0.04510621  	0.08480388  	0.09437089  
2023-06-01 15:37:05.049: Found a better model.
2023-06-01 15:37:05.049: Save model to file as pretrain.
2023-06-01 15:38:18.944: [iter 36 : loss : 3.9160 = 0.0439 + 3.8683 + 0.0038, time: 70.644526]
2023-06-01 15:38:22.997: epoch 36:	0.02502291  	0.05572414  	0.04524707  	0.08494267  	0.09452698  
2023-06-01 15:38:22.998: Found a better model.
2023-06-01 15:38:22.998: Save model to file as pretrain.
2023-06-01 15:39:36.486: [iter 37 : loss : 3.9151 = 0.0432 + 3.8681 + 0.0038, time: 70.178651]
2023-06-01 15:39:40.645: epoch 37:	0.02511292  	0.05585682  	0.04541606  	0.08523268  	0.09492160  
2023-06-01 15:39:40.645: Found a better model.
2023-06-01 15:39:40.645: Save model to file as pretrain.
2023-06-01 15:40:55.058: [iter 38 : loss : 3.9144 = 0.0426 + 3.8679 + 0.0039, time: 71.298100]
2023-06-01 15:40:59.044: epoch 38:	0.02519973  	0.05600037  	0.04556765  	0.08565406  	0.09531630  
2023-06-01 15:40:59.044: Found a better model.
2023-06-01 15:40:59.044: Save model to file as pretrain.
2023-06-01 15:42:17.404: [iter 39 : loss : 3.9136 = 0.0419 + 3.8677 + 0.0040, time: 75.001433]
2023-06-01 15:42:21.607: epoch 39:	0.02521392  	0.05614153  	0.04564675  	0.08563500  	0.09526052  
2023-06-01 15:42:21.607: Found a better model.
2023-06-01 15:42:21.607: Save model to file as pretrain.
2023-06-01 15:43:35.399: [iter 40 : loss : 3.9129 = 0.0414 + 3.8675 + 0.0040, time: 70.601089]
2023-06-01 15:43:39.914: epoch 40:	0.02524868  	0.05626954  	0.04586211  	0.08632208  	0.09596319  
2023-06-01 15:43:39.914: Found a better model.
2023-06-01 15:43:39.914: Save model to file as pretrain.
2023-06-01 15:44:54.297: [iter 41 : loss : 3.9120 = 0.0406 + 3.8673 + 0.0041, time: 71.112553]
2023-06-01 15:44:58.526: epoch 41:	0.02531815  	0.05635357  	0.04591855  	0.08619627  	0.09591576  
2023-06-01 15:44:58.526: Found a better model.
2023-06-01 15:44:58.526: Save model to file as pretrain.
2023-06-01 15:46:13.826: [iter 42 : loss : 3.9110 = 0.0397 + 3.8672 + 0.0041, time: 71.983071]
2023-06-01 15:46:17.837: epoch 42:	0.02542707  	0.05664899  	0.04616131  	0.08648325  	0.09642205  
2023-06-01 15:46:17.837: Found a better model.
2023-06-01 15:46:17.837: Save model to file as pretrain.
2023-06-01 15:47:33.259: [iter 43 : loss : 3.9107 = 0.0395 + 3.8670 + 0.0042, time: 72.244237]
2023-06-01 15:47:37.067: epoch 43:	0.02538759  	0.05659154  	0.04613824  	0.08655895  	0.09646361  
2023-06-01 15:48:46.536: [iter 44 : loss : 3.9102 = 0.0391 + 3.8668 + 0.0043, time: 67.351365]
2023-06-01 15:48:50.451: epoch 44:	0.02539707  	0.05659468  	0.04621021  	0.08672434  	0.09678765  
2023-06-01 15:49:57.570: [iter 45 : loss : 3.9092 = 0.0383 + 3.8666 + 0.0043, time: 64.985584]
2023-06-01 15:50:01.642: epoch 45:	0.02542866  	0.05676952  	0.04632224  	0.08705048  	0.09702815  
2023-06-01 15:50:01.642: Found a better model.
2023-06-01 15:50:01.642: Save model to file as pretrain.
2023-06-01 15:51:10.197: [iter 46 : loss : 3.9083 = 0.0375 + 3.8665 + 0.0044, time: 65.384820]
2023-06-01 15:51:14.193: epoch 46:	0.02554072  	0.05708629  	0.04651295  	0.08722349  	0.09718356  
2023-06-01 15:51:14.193: Found a better model.
2023-06-01 15:51:14.193: Save model to file as pretrain.
2023-06-01 15:52:27.987: [iter 47 : loss : 3.9078 = 0.0370 + 3.8663 + 0.0045, time: 70.532419]
2023-06-01 15:52:32.125: epoch 47:	0.02548547  	0.05702583  	0.04653066  	0.08754631  	0.09747850  
2023-06-01 15:53:46.300: [iter 48 : loss : 3.9078 = 0.0371 + 3.8662 + 0.0045, time: 72.024684]
2023-06-01 15:53:49.635: epoch 48:	0.02549495  	0.05703508  	0.04648571  	0.08721706  	0.09709431  
2023-06-01 15:54:57.775: [iter 49 : loss : 3.9069 = 0.0363 + 3.8661 + 0.0046, time: 65.991776]
2023-06-01 15:55:01.926: epoch 49:	0.02555651  	0.05723299  	0.04666005  	0.08763390  	0.09765022  
2023-06-01 15:55:01.926: Found a better model.
2023-06-01 15:55:01.926: Save model to file as pretrain.
2023-06-01 15:56:15.144: [iter 50 : loss : 3.9066 = 0.0361 + 3.8659 + 0.0046, time: 69.835305]
2023-06-01 15:56:19.025: epoch 50:	0.02556757  	0.05719383  	0.04667085  	0.08763336  	0.09758809  
2023-06-01 15:57:31.031: [iter 51 : loss : 3.9057 = 0.0352 + 3.8658 + 0.0047, time: 69.853081]
2023-06-01 15:57:35.090: epoch 51:	0.02574123  	0.05754703  	0.04693181  	0.08790521  	0.09794118  
2023-06-01 15:57:35.090: Found a better model.
2023-06-01 15:57:35.090: Save model to file as pretrain.
2023-06-01 15:58:48.432: [iter 52 : loss : 3.9054 = 0.0351 + 3.8656 + 0.0047, time: 70.117329]
2023-06-01 15:58:52.651: epoch 52:	0.02570649  	0.05743435  	0.04691883  	0.08798625  	0.09807982  
2023-06-01 16:00:02.308: [iter 53 : loss : 3.9051 = 0.0348 + 3.8655 + 0.0048, time: 67.497254]
2023-06-01 16:00:06.178: epoch 53:	0.02574279  	0.05756367  	0.04698189  	0.08809025  	0.09807280  
2023-06-01 16:00:06.178: Found a better model.
2023-06-01 16:00:06.178: Save model to file as pretrain.
2023-06-01 16:01:19.924: [iter 54 : loss : 3.9044 = 0.0342 + 3.8654 + 0.0049, time: 70.649061]
2023-06-01 16:01:23.998: epoch 54:	0.02576490  	0.05750725  	0.04702112  	0.08829828  	0.09829168  
2023-06-01 16:02:32.190: [iter 55 : loss : 3.9040 = 0.0338 + 3.8653 + 0.0049, time: 66.053838]
2023-06-01 16:02:36.098: epoch 55:	0.02578701  	0.05754026  	0.04709055  	0.08836164  	0.09857100  
2023-06-01 16:03:46.140: [iter 56 : loss : 3.9035 = 0.0334 + 3.8652 + 0.0050, time: 67.919092]
2023-06-01 16:03:50.251: epoch 56:	0.02581857  	0.05762668  	0.04708774  	0.08815192  	0.09821726  
2023-06-01 16:03:50.251: Found a better model.
2023-06-01 16:03:50.251: Save model to file as pretrain.
2023-06-01 16:05:03.585: [iter 57 : loss : 3.9029 = 0.0329 + 3.8650 + 0.0050, time: 70.067062]
2023-06-01 16:05:07.721: epoch 57:	0.02585330  	0.05783240  	0.04725758  	0.08862621  	0.09884857  
2023-06-01 16:05:07.721: Found a better model.
2023-06-01 16:05:07.721: Save model to file as pretrain.
2023-06-01 16:06:22.891: [iter 58 : loss : 3.9027 = 0.0327 + 3.8649 + 0.0051, time: 71.890634]
2023-06-01 16:06:27.185: epoch 58:	0.02583274  	0.05777222  	0.04724535  	0.08878838  	0.09890196  
2023-06-01 16:07:34.449: [iter 59 : loss : 3.9020 = 0.0321 + 3.8648 + 0.0051, time: 65.082189]
2023-06-01 16:07:38.391: epoch 59:	0.02585010  	0.05778735  	0.04727630  	0.08893055  	0.09906274  
2023-06-01 16:08:46.568: [iter 60 : loss : 3.9016 = 0.0317 + 3.8647 + 0.0052, time: 65.988392]
2023-06-01 16:08:50.732: epoch 60:	0.02583434  	0.05771625  	0.04730489  	0.08914022  	0.09934698  
2023-06-01 16:10:03.404: [iter 61 : loss : 3.9013 = 0.0315 + 3.8646 + 0.0052, time: 70.520832]
2023-06-01 16:10:07.700: epoch 61:	0.02587222  	0.05778113  	0.04731785  	0.08910929  	0.09911836  
2023-06-01 16:11:15.420: [iter 62 : loss : 3.9009 = 0.0312 + 3.8645 + 0.0053, time: 65.535381]
2023-06-01 16:11:19.541: epoch 62:	0.02593061  	0.05796389  	0.04744347  	0.08931049  	0.09946281  
2023-06-01 16:11:19.541: Found a better model.
2023-06-01 16:11:19.541: Save model to file as pretrain.
2023-06-01 16:12:28.133: [iter 63 : loss : 3.9003 = 0.0306 + 3.8644 + 0.0054, time: 65.206841]
2023-06-01 16:12:32.132: epoch 63:	0.02600482  	0.05805850  	0.04752560  	0.08928556  	0.09965977  
2023-06-01 16:12:32.132: Found a better model.
2023-06-01 16:12:32.132: Save model to file as pretrain.
2023-06-01 16:13:46.598: [iter 64 : loss : 3.8999 = 0.0301 + 3.8643 + 0.0054, time: 71.209835]
2023-06-01 16:13:50.619: epoch 64:	0.02594800  	0.05794521  	0.04749019  	0.08941752  	0.09965239  
2023-06-01 16:15:06.943: [iter 65 : loss : 3.8997 = 0.0300 + 3.8642 + 0.0055, time: 74.130443]
2023-06-01 16:15:10.924: epoch 65:	0.02597170  	0.05805307  	0.04751538  	0.08928223  	0.09958670  
2023-06-01 16:16:19.775: [iter 66 : loss : 3.8994 = 0.0298 + 3.8641 + 0.0055, time: 66.695210]
2023-06-01 16:16:23.980: epoch 66:	0.02593535  	0.05799796  	0.04742558  	0.08923658  	0.09929184  
2023-06-01 16:17:37.204: [iter 67 : loss : 3.8986 = 0.0290 + 3.8640 + 0.0056, time: 71.077630]
2023-06-01 16:17:41.368: epoch 67:	0.02593221  	0.05798051  	0.04739970  	0.08905882  	0.09917001  
2023-06-01 16:18:53.373: [iter 68 : loss : 3.8986 = 0.0291 + 3.8639 + 0.0056, time: 69.851381]
2023-06-01 16:18:57.637: epoch 68:	0.02597325  	0.05801615  	0.04735574  	0.08898307  	0.09896698  
2023-06-01 16:20:08.873: [iter 69 : loss : 3.8985 = 0.0290 + 3.8638 + 0.0057, time: 69.085988]
2023-06-01 16:20:12.882: epoch 69:	0.02601116  	0.05803525  	0.04750112  	0.08941787  	0.09948655  
2023-06-01 16:21:24.815: [iter 70 : loss : 3.8977 = 0.0282 + 3.8637 + 0.0057, time: 69.779962]
2023-06-01 16:21:28.531: epoch 70:	0.02606009  	0.05819288  	0.04760266  	0.08938704  	0.09969801  
2023-06-01 16:21:28.531: Found a better model.
2023-06-01 16:21:28.531: Save model to file as pretrain.
2023-06-01 16:22:41.609: [iter 71 : loss : 3.8975 = 0.0281 + 3.8637 + 0.0058, time: 69.924814]
2023-06-01 16:22:45.678: epoch 71:	0.02607431  	0.05822751  	0.04755178  	0.08931565  	0.09943092  
2023-06-01 16:22:45.679: Found a better model.
2023-06-01 16:22:45.679: Save model to file as pretrain.
2023-06-01 16:24:00.002: [iter 72 : loss : 3.8975 = 0.0282 + 3.8636 + 0.0058, time: 71.077296]
2023-06-01 16:24:04.211: epoch 72:	0.02603485  	0.05808049  	0.04749345  	0.08924252  	0.09938084  
2023-06-01 16:25:17.054: [iter 73 : loss : 3.8975 = 0.0282 + 3.8635 + 0.0059, time: 70.687290]
2023-06-01 16:25:21.140: epoch 73:	0.02603169  	0.05820005  	0.04755002  	0.08943646  	0.09943046  
2023-06-01 16:26:30.123: [iter 74 : loss : 3.8969 = 0.0276 + 3.8634 + 0.0059, time: 66.809554]
2023-06-01 16:26:34.084: epoch 74:	0.02621954  	0.05863453  	0.04780268  	0.08961110  	0.09978310  
2023-06-01 16:26:34.084: Found a better model.
2023-06-01 16:26:34.084: Save model to file as pretrain.
2023-06-01 16:27:50.041: [iter 75 : loss : 3.8965 = 0.0272 + 3.8633 + 0.0060, time: 72.618081]
2023-06-01 16:27:53.900: epoch 75:	0.02622587  	0.05862741  	0.04783713  	0.08978337  	0.10001851  
2023-06-01 16:29:07.426: [iter 76 : loss : 3.8962 = 0.0270 + 3.8632 + 0.0060, time: 71.335908]
2023-06-01 16:29:11.518: epoch 76:	0.02619272  	0.05854568  	0.04776118  	0.08951394  	0.09956028  
2023-06-01 16:30:25.185: [iter 77 : loss : 3.8959 = 0.0267 + 3.8632 + 0.0061, time: 71.481258]
2023-06-01 16:30:29.345: epoch 77:	0.02621165  	0.05858292  	0.04777502  	0.08954468  	0.09962425  
