2023-06-01 14:22:23.667: Dataset name: yelp2018
The number of users: 31668
The number of items: 38048
The number of ratings: 1561406
Average actions of users: 49.31
Average actions of items: 41.04
The sparsity of the dataset: 99.870412%
2023-06-01 14:22:23.667: 

NeuRec hyperparameters:
recommender=SGL
config_dir=./conf
gpu_id=1
gpu_mem=0.5
data.input.path=dataset
data.input.dataset=yelp2018
data.column.format=UI
data.convert.separator=','
user_min=0
item_min=0
splitter=given
ratio=0.8
by_time=False
metric=["Precision", "Recall", "NDCG", "MAP", "MRR"]
topk=[20]
group_view=None
rec.evaluate.neg=0
test_batch_size=128
num_thread=8
start_testing_epoch=0
proj_path=./

SGL's hyperparameters:
seed=2021
aug_type=1
reg=1e-4
embed_size=64
n_layers=3
ssl_reg=0.1
ssl_ratio=0.1
ssl_temp=0.2
ssl_mode=both_side
ssl_loss_type=2
lr=0.001
learner=adam
adj_type=pre
epochs=20
batch_size=2048
num_negatives=1
init_method=xavier_uniform
stddev=0.01
verbose=1
stop_cnt=50
pretrain=0
save_flag=0

2023-06-01 14:22:27.462: metrics:	Precision@20	Recall@20   	NDCG@20     	MAP@20      	MRR@20      
2023-06-01 14:22:31.793: 		0.00029367  	0.00058116  	0.00043468  	0.00092423  	0.00093001  
2023-06-01 14:24:03.517: [iter 1 : loss : 2.6208 = 0.6930 + 1.9278 + 0.0000, time: 88.855221]
2023-06-01 14:24:07.758: epoch 1:	0.00377199  	0.00807328  	0.00631158  	0.01208471  	0.01321746  
2023-06-01 14:24:07.758: Found a better model.
2023-06-01 14:25:37.099: [iter 2 : loss : 2.6106 = 0.6832 + 1.9275 + 0.0000, time: 86.479673]
2023-06-01 14:25:41.278: epoch 2:	0.00615777  	0.01323293  	0.01092352  	0.02019713  	0.02282933  
2023-06-01 14:25:41.278: Found a better model.
2023-06-01 14:27:12.214: [iter 3 : loss : 2.5276 = 0.5965 + 1.9310 + 0.0001, time: 88.090335]
2023-06-01 14:27:16.244: epoch 3:	0.01349738  	0.02900509  	0.02366057  	0.04382028  	0.04916129  
2023-06-01 14:27:16.244: Found a better model.
2023-06-01 14:28:49.924: [iter 4 : loss : 2.2492 = 0.2964 + 1.9523 + 0.0005, time: 90.825463]
2023-06-01 14:28:53.933: epoch 4:	0.01767755  	0.03801931  	0.03117955  	0.06032193  	0.06648763  
2023-06-01 14:28:53.933: Found a better model.
2023-06-01 14:30:26.787: [iter 5 : loss : 2.0962 = 0.1388 + 1.9565 + 0.0009, time: 89.956888]
2023-06-01 14:30:30.912: epoch 5:	0.01876681  	0.04037882  	0.03302956  	0.06353747  	0.07012841  
2023-06-01 14:30:30.912: Found a better model.
2023-06-01 14:32:03.327: [iter 6 : loss : 2.0734 = 0.1192 + 1.9532 + 0.0010, time: 89.585821]
2023-06-01 14:32:07.330: epoch 6:	0.01963188  	0.04209489  	0.03442055  	0.06599653  	0.07265943  
2023-06-01 14:32:07.330: Found a better model.
2023-06-01 14:33:38.720: [iter 7 : loss : 2.0599 = 0.1084 + 1.9504 + 0.0012, time: 88.504846]
2023-06-01 14:33:42.981: epoch 7:	0.02033276  	0.04350088  	0.03550917  	0.06797913  	0.07490511  
2023-06-01 14:33:42.982: Found a better model.
2023-06-01 14:35:15.383: [iter 8 : loss : 2.0498 = 0.1002 + 1.9483 + 0.0013, time: 89.550391]
2023-06-01 14:35:18.705: epoch 8:	0.02076372  	0.04459263  	0.03646880  	0.07001881  	0.07712533  
2023-06-01 14:35:18.706: Found a better model.
2023-06-01 14:36:51.262: [iter 9 : loss : 2.0422 = 0.0941 + 1.9467 + 0.0014, time: 89.885782]
2023-06-01 14:36:55.328: epoch 9:	0.02116787  	0.04556428  	0.03722091  	0.07137084  	0.07861519  
2023-06-01 14:36:55.328: Found a better model.
2023-06-01 14:38:27.285: [iter 10 : loss : 2.0365 = 0.0896 + 1.9454 + 0.0015, time: 89.130371]
2023-06-01 14:38:30.509: epoch 10:	0.02133994  	0.04589786  	0.03765889  	0.07241826  	0.07974070  
2023-06-01 14:38:30.509: Found a better model.
2023-06-01 14:40:02.855: [iter 11 : loss : 2.0309 = 0.0849 + 1.9444 + 0.0016, time: 89.614562]
2023-06-01 14:40:06.903: epoch 11:	0.02153727  	0.04636084  	0.03808811  	0.07328647  	0.08084746  
2023-06-01 14:40:06.903: Found a better model.
2023-06-01 14:41:38.669: [iter 12 : loss : 2.0266 = 0.0814 + 1.9435 + 0.0017, time: 88.984760]
2023-06-01 14:41:42.140: epoch 12:	0.02176300  	0.04678927  	0.03847846  	0.07399749  	0.08165352  
2023-06-01 14:41:42.140: Found a better model.
2023-06-01 14:43:13.711: [iter 13 : loss : 2.0234 = 0.0789 + 1.9428 + 0.0018, time: 88.792819]
2023-06-01 14:43:17.833: epoch 13:	0.02193192  	0.04710501  	0.03878364  	0.07439929  	0.08229445  
2023-06-01 14:43:17.833: Found a better model.
2023-06-01 14:44:49.376: [iter 14 : loss : 2.0200 = 0.0760 + 1.9421 + 0.0018, time: 88.700331]
2023-06-01 14:44:53.437: epoch 14:	0.02211821  	0.04759065  	0.03911649  	0.07484624  	0.08273716  
2023-06-01 14:44:53.437: Found a better model.
2023-06-01 14:46:25.734: [iter 15 : loss : 2.0169 = 0.0734 + 1.9415 + 0.0019, time: 89.542022]
2023-06-01 14:46:29.997: epoch 15:	0.02224608  	0.04783696  	0.03938034  	0.07533860  	0.08331474  
2023-06-01 14:46:29.998: Found a better model.
