2023-05-03 22:47:15.353: Dataset name: yelp2018
The number of users: 31668
The number of items: 38048
The number of ratings: 1561406
Average actions of users: 49.31
Average actions of items: 41.04
The sparsity of the dataset: 99.870412%
2023-05-03 22:47:15.353: 

NeuRec hyperparameters:
recommender=SGL
config_dir=./conf
gpu_id=1
gpu_mem=0.5
data.input.path=dataset
data.input.dataset=yelp2018
data.column.format=UI
data.convert.separator=','
user_min=0
item_min=0
splitter=given
ratio=0.8
by_time=False
metric=["Precision", "Recall", "NDCG", "MAP", "MRR"]
topk=[20]
group_view=None
rec.evaluate.neg=0
test_batch_size=128
num_thread=8
start_testing_epoch=0
proj_path=./

SGL's hyperparameters:
seed=2021
aug_type=1
reg=1e-4
embed_size=64
n_layers=3
ssl_reg=0.1
ssl_ratio=0.1
ssl_temp=0.2
ssl_mode=both_side
lr=0.001
learner=adam
adj_type=pre
epochs=5
batch_size=1024
num_negatives=1
init_method=xavier_uniform
stddev=0.01
verbose=1
stop_cnt=50
pretrain=1
save_flag=1

2023-05-03 22:47:18.881: metrics:	Precision@20	Recall@20   	NDCG@20     	MAP@20      	MRR@20      
2023-05-03 22:47:26.835: 		0.01407685  	0.03157007  	0.02557384  	0.04551955  	0.05152063  
2023-05-03 22:49:17.152: [iter 1 : loss : 0.2537 = 0.2531 + 0.0000 + 0.0007, time: 107.369266]
2023-05-03 22:49:24.944: epoch 1:	0.01725768  	0.03707902  	0.03039582  	0.05822524  	0.06430252  
2023-05-03 22:49:24.944: Found a better model.
2023-05-03 22:49:24.944: Save model to file as pretrain.
2023-05-03 22:51:16.308: [iter 2 : loss : 0.1337 = 0.1326 + 0.0000 + 0.0011, time: 108.057781]
2023-05-03 22:51:23.743: epoch 2:	0.01806277  	0.03921656  	0.03192800  	0.06100910  	0.06742980  
2023-05-03 22:51:23.743: Found a better model.
2023-05-03 22:51:23.743: Save model to file as pretrain.
2023-05-03 22:53:14.709: [iter 3 : loss : 0.1174 = 0.1162 + 0.0000 + 0.0012, time: 107.681923]
2023-05-03 22:53:22.096: epoch 3:	0.01912678  	0.04163532  	0.03356026  	0.06335913  	0.07016667  
2023-05-03 22:53:22.097: Found a better model.
2023-05-03 22:53:22.097: Save model to file as pretrain.
2023-05-03 22:55:12.677: [iter 4 : loss : 0.1061 = 0.1047 + 0.0000 + 0.0013, time: 107.338157]
2023-05-03 22:55:20.443: epoch 4:	0.01998236  	0.04333485  	0.03495547  	0.06575903  	0.07271686  
2023-05-03 22:55:20.443: Found a better model.
2023-05-03 22:55:20.443: Save model to file as pretrain.
2023-05-03 22:57:09.727: [iter 5 : loss : 0.0964 = 0.0949 + 0.0000 + 0.0015, time: 105.997123]
2023-05-03 22:57:17.332: epoch 5:	0.02067379  	0.04476311  	0.03610103  	0.06779350  	0.07489831  
2023-05-03 22:57:17.339: Found a better model.
2023-05-03 22:57:17.339: Save model to file as pretrain.
2023-05-03 22:57:17.721: best_result@epoch 5:

2023-05-03 22:57:17.721: Loading from the saved model.
2023-05-03 22:57:24.747: 		0.02067379  	0.04476311  	0.03610103  	0.06779350  	0.07489831  
