2023-05-03 22:19:18.976: Dataset name: yelp2018
The number of users: 31668
The number of items: 38048
The number of ratings: 1561406
Average actions of users: 49.31
Average actions of items: 41.04
The sparsity of the dataset: 99.870412%
2023-05-03 22:19:18.976: 

NeuRec hyperparameters:
recommender=SGL
config_dir=./conf
gpu_id=1
gpu_mem=0.5
data.input.path=dataset
data.input.dataset=yelp2018
data.column.format=UI
data.convert.separator=','
user_min=0
item_min=0
splitter=given
ratio=0.8
by_time=False
metric=["Precision", "Recall", "NDCG", "MAP", "MRR"]
topk=[20]
group_view=None
rec.evaluate.neg=0
test_batch_size=128
num_thread=8
start_testing_epoch=0
proj_path=./

SGL's hyperparameters:
seed=2021
aug_type=1
reg=1e-4
embed_size=64
n_layers=3
ssl_reg=0.1
ssl_ratio=0.1
ssl_temp=0.2
ssl_mode=both_side
lr=0.001
learner=adam
adj_type=pre
epochs=5
batch_size=1024
num_negatives=1
init_method=xavier_uniform
stddev=0.01
verbose=1
stop_cnt=50
pretrain=0
save_flag=1

2023-05-03 22:19:22.744: metrics:	Precision@20	Recall@20   	NDCG@20     	MAP@20      	MRR@20      
2023-05-03 22:19:27.041: 		0.00031262  	0.00060257  	0.00049598  	0.00123872  	0.00124369  
2023-05-03 22:22:29.438: [iter 1 : loss : 1.8206 = 0.6930 + 1.1276 + 0.0000, time: 179.513226]
2023-05-03 22:22:33.768: epoch 1:	0.00243147  	0.00516496  	0.00422788  	0.00907839  	0.00959009  
2023-05-03 22:22:33.768: Found a better model.
2023-05-03 22:22:33.768: Save model to file as pretrain.
2023-05-03 22:25:22.473: [iter 2 : loss : 1.8190 = 0.6928 + 1.1262 + 0.0000, time: 165.668110]
2023-05-03 22:25:26.428: epoch 2:	0.00402621  	0.00868167  	0.00708700  	0.01495295  	0.01578734  
2023-05-03 22:25:26.428: Found a better model.
2023-05-03 22:25:26.429: Save model to file as pretrain.
2023-05-03 22:28:15.433: [iter 3 : loss : 1.8183 = 0.6922 + 1.1261 + 0.0000, time: 165.810173]
2023-05-03 22:28:19.807: epoch 3:	0.00431516  	0.00975483  	0.00752374  	0.01408052  	0.01514364  
2023-05-03 22:28:19.807: Found a better model.
2023-05-03 22:28:19.807: Save model to file as pretrain.
2023-05-03 22:31:09.023: [iter 4 : loss : 1.8149 = 0.6882 + 1.1267 + 0.0000, time: 165.993073]
2023-05-03 22:31:13.173: epoch 4:	0.00540777  	0.01247317  	0.00977891  	0.01698741  	0.01913683  
2023-05-03 22:31:13.173: Found a better model.
2023-05-03 22:31:13.173: Save model to file as pretrain.
2023-05-03 22:34:02.335: [iter 5 : loss : 1.7798 = 0.6442 + 1.1354 + 0.0001, time: 165.949171]
2023-05-03 22:34:06.356: epoch 5:	0.01407685  	0.03157007  	0.02557384  	0.04551955  	0.05152063  
2023-05-03 22:34:06.356: Found a better model.
2023-05-03 22:34:06.356: Save model to file as pretrain.
2023-05-03 22:34:06.728: best_result@epoch 5:

2023-05-03 22:34:06.728: Loading from the saved model.
2023-05-03 22:34:10.918: 		0.01407685  	0.03157007  	0.02557384  	0.04551955  	0.05152063  
