2023-06-01 22:27:28.237: Dataset name: yelp2018
The number of users: 31668
The number of items: 38048
The number of ratings: 1561406
Average actions of users: 49.31
Average actions of items: 41.04
The sparsity of the dataset: 99.870412%
2023-06-01 22:27:28.237: 

NeuRec hyperparameters:
recommender=SGL
config_dir=./conf
gpu_id=1
gpu_mem=0.5
data.input.path=dataset
data.input.dataset=yelp2018
data.column.format=UI
data.convert.separator=','
user_min=0
item_min=0
splitter=given
ratio=0.8
by_time=False
metric=["Precision", "Recall", "NDCG", "MAP", "MRR"]
topk=[20]
group_view=None
rec.evaluate.neg=0
test_batch_size=128
num_thread=8
start_testing_epoch=0
proj_path=./

SGL's hyperparameters:
seed=2021
aug_type=1
reg=1e-4
embed_size=64
n_layers=3
ssl_reg=0.1
ssl_ratio=0.1
ssl_temp=0.2
ssl_mode=both_side
ssl_loss_type=2
lr=0.001
learner=adam
adj_type=pre
epochs=1000
batch_size=2048
num_negatives=1
init_method=xavier_uniform
stddev=0.01
verbose=1
stop_cnt=50
pretrain=1
save_flag=1

2023-06-01 22:27:31.737: metrics:	Precision@20	Recall@20   	NDCG@20     	MAP@20      	MRR@20      
2023-06-01 22:27:39.226: 		0.03042359  	0.06785671  	0.05571824  	0.10170442  	0.11492888  
2023-06-01 22:28:41.846: [iter 1 : loss : 0.0493 = 0.0436 + 0.0000 + 0.0057, time: 59.766205]
2023-06-01 22:28:49.187: epoch 1:	0.02946059  	0.06564651  	0.05409858  	0.09941184  	0.11167258  
2023-06-01 22:29:49.628: [iter 2 : loss : 0.0432 = 0.0372 + 0.0000 + 0.0060, time: 57.588769]
2023-06-01 22:29:56.286: epoch 2:	0.02921272  	0.06508685  	0.05357518  	0.09861711  	0.11059681  
2023-06-01 22:30:57.385: [iter 3 : loss : 0.0408 = 0.0347 + 0.0000 + 0.0061, time: 58.219734]
2023-06-01 22:31:04.842: epoch 3:	0.02909273  	0.06487002  	0.05341230  	0.09850278  	0.11038089  
2023-06-01 22:32:06.428: [iter 4 : loss : 0.0393 = 0.0330 + 0.0000 + 0.0063, time: 58.673917]
2023-06-01 22:32:14.344: epoch 4:	0.02910536  	0.06486626  	0.05337850  	0.09817126  	0.11026229  
2023-06-01 22:33:16.011: [iter 5 : loss : 0.0379 = 0.0316 + 0.0000 + 0.0064, time: 58.789334]
2023-06-01 22:33:23.644: epoch 5:	0.02912747  	0.06498498  	0.05337439  	0.09824066  	0.11017556  
2023-06-01 22:34:25.356: [iter 6 : loss : 0.0365 = 0.0300 + 0.0000 + 0.0064, time: 58.854894]
2023-06-01 22:34:33.020: epoch 6:	0.02913221  	0.06503396  	0.05335935  	0.09802477  	0.11006214  
2023-06-01 22:35:34.748: [iter 7 : loss : 0.0354 = 0.0289 + 0.0000 + 0.0065, time: 58.865554]
2023-06-01 22:35:41.653: epoch 7:	0.02917325  	0.06510748  	0.05344373  	0.09826693  	0.11030215  
2023-06-01 22:36:43.321: [iter 8 : loss : 0.0343 = 0.0277 + 0.0000 + 0.0066, time: 58.831853]
2023-06-01 22:36:50.673: epoch 8:	0.02921903  	0.06517061  	0.05348173  	0.09817885  	0.11026751  
2023-06-01 22:37:52.220: [iter 9 : loss : 0.0329 = 0.0262 + 0.0000 + 0.0067, time: 58.713848]
2023-06-01 22:37:59.766: epoch 9:	0.02916061  	0.06510056  	0.05345210  	0.09824792  	0.11036395  
2023-06-01 22:39:00.797: [iter 10 : loss : 0.0322 = 0.0255 + 0.0000 + 0.0067, time: 58.194808]
2023-06-01 22:39:08.435: epoch 10:	0.02913534  	0.06506830  	0.05341655  	0.09825932  	0.11041661  
2023-06-01 22:40:10.101: [iter 11 : loss : 0.0311 = 0.0243 + 0.0000 + 0.0068, time: 58.801189]
2023-06-01 22:40:17.843: epoch 11:	0.02914639  	0.06509284  	0.05343896  	0.09840204  	0.11055183  
2023-06-01 22:41:19.546: [iter 12 : loss : 0.0304 = 0.0236 + 0.0000 + 0.0069, time: 58.882445]
2023-06-01 22:41:27.280: epoch 12:	0.02920482  	0.06519664  	0.05348153  	0.09833898  	0.11038488  
2023-06-01 22:42:28.153: [iter 13 : loss : 0.0298 = 0.0229 + 0.0000 + 0.0069, time: 58.103625]
2023-06-01 22:42:35.870: epoch 13:	0.02923795  	0.06523142  	0.05357221  	0.09874501  	0.11079968  
2023-06-01 22:43:36.880: [iter 14 : loss : 0.0294 = 0.0224 + 0.0000 + 0.0070, time: 58.170820]
2023-06-01 22:43:44.434: epoch 14:	0.02918586  	0.06515398  	0.05350186  	0.09864575  	0.11057016  
2023-06-01 22:44:45.389: [iter 15 : loss : 0.0289 = 0.0218 + 0.0000 + 0.0071, time: 58.127389]
2023-06-01 22:44:52.872: epoch 15:	0.02919060  	0.06511488  	0.05345649  	0.09838304  	0.11038076  
2023-06-01 22:45:53.943: [iter 16 : loss : 0.0280 = 0.0209 + 0.0000 + 0.0071, time: 58.232304]
2023-06-01 22:46:01.240: epoch 16:	0.02919847  	0.06511936  	0.05351418  	0.09873328  	0.11061227  
2023-06-01 22:47:02.314: [iter 17 : loss : 0.0279 = 0.0207 + 0.0000 + 0.0072, time: 58.251343]
2023-06-01 22:47:10.057: epoch 17:	0.02911796  	0.06496211  	0.05339015  	0.09856471  	0.11037437  
2023-06-01 22:48:11.518: [iter 18 : loss : 0.0273 = 0.0200 + 0.0000 + 0.0072, time: 58.632892]
2023-06-01 22:48:19.187: epoch 18:	0.02911005  	0.06493805  	0.05338569  	0.09867200  	0.11051986  
2023-06-01 22:49:21.508: [iter 19 : loss : 0.0271 = 0.0198 + 0.0000 + 0.0073, time: 59.496820]
2023-06-01 22:49:28.639: epoch 19:	0.02913057  	0.06494014  	0.05337935  	0.09857041  	0.11044876  
2023-06-01 22:50:30.107: [iter 20 : loss : 0.0267 = 0.0193 + 0.0000 + 0.0074, time: 58.665646]
2023-06-01 22:50:38.023: epoch 20:	0.02912269  	0.06488418  	0.05336195  	0.09861985  	0.11046327  
2023-06-01 22:51:39.585: [iter 21 : loss : 0.0285 = 0.0211 + 0.0000 + 0.0074, time: 58.762312]
2023-06-01 22:51:47.065: epoch 21:	0.02914637  	0.06490806  	0.05333272  	0.09832744  	0.11022425  
