2023-06-01 12:58:14.026: Dataset name: yelp2018
The number of users: 31668
The number of items: 38048
The number of ratings: 1561406
Average actions of users: 49.31
Average actions of items: 41.04
The sparsity of the dataset: 99.870412%
2023-06-01 12:58:14.027: 

NeuRec hyperparameters:
recommender=SGL
config_dir=./conf
gpu_id=1
gpu_mem=0.5
data.input.path=dataset
data.input.dataset=yelp2018
data.column.format=UI
data.convert.separator=','
user_min=0
item_min=0
splitter=given
ratio=0.8
by_time=False
metric=["Precision", "Recall", "NDCG", "MAP", "MRR"]
topk=[20]
group_view=None
rec.evaluate.neg=0
test_batch_size=128
num_thread=8
start_testing_epoch=0
proj_path=./

SGL's hyperparameters:
seed=2021
aug_type=1
reg=1e-4
embed_size=64
n_layers=3
ssl_reg=0.1
ssl_ratio=0.1
ssl_temp=0.3
ssl_mode=both_side
ssl_loss_type=1
lr=0.001
learner=adam
adj_type=pre
epochs=1000
batch_size=2048
num_negatives=1
init_method=xavier_uniform
stddev=0.01
verbose=1
stop_cnt=50
pretrain=1
save_flag=1

2023-06-01 12:58:17.514: metrics:	Precision@20	Recall@20   	NDCG@20     	MAP@20      	MRR@20      
2023-06-01 12:58:25.119: 		0.02997213  	0.06676180  	0.05511372  	0.10140065  	0.11405790  
2023-06-01 12:59:26.958: [iter 1 : loss : 0.0458 = 0.0398 + 0.0000 + 0.0060, time: 58.963364]
2023-06-01 12:59:34.862: epoch 1:	0.02940850  	0.06565202  	0.05392530  	0.09922723  	0.11123278  
2023-06-01 13:00:36.218: [iter 2 : loss : 0.0407 = 0.0345 + 0.0000 + 0.0063, time: 58.501671]
2023-06-01 13:00:43.788: epoch 2:	0.02912118  	0.06509589  	0.05351140  	0.09868892  	0.11079916  
2023-06-01 13:01:45.171: [iter 3 : loss : 0.0388 = 0.0324 + 0.0000 + 0.0064, time: 58.500504]
2023-06-01 13:01:52.756: epoch 3:	0.02909122  	0.06501421  	0.05343059  	0.09863732  	0.11064262  
2023-06-01 13:02:55.598: [iter 4 : loss : 0.0375 = 0.0310 + 0.0000 + 0.0065, time: 60.033025]
2023-06-01 13:03:02.252: epoch 4:	0.02908017  	0.06502858  	0.05339019  	0.09858921  	0.11052980  
2023-06-01 13:04:03.718: [iter 5 : loss : 0.0364 = 0.0298 + 0.0000 + 0.0066, time: 58.557060]
2023-06-01 13:04:11.172: epoch 5:	0.02916854  	0.06524725  	0.05347079  	0.09842800  	0.11059085  
2023-06-01 13:05:12.504: [iter 6 : loss : 0.0351 = 0.0284 + 0.0000 + 0.0067, time: 58.447429]
2023-06-01 13:05:18.862: epoch 6:	0.02908647  	0.06499391  	0.05342660  	0.09872760  	0.11074954  
2023-06-01 13:06:19.421: [iter 7 : loss : 0.0341 = 0.0274 + 0.0000 + 0.0067, time: 57.725896]
2023-06-01 13:06:27.082: epoch 7:	0.02912911  	0.06515293  	0.05351140  	0.09886758  	0.11087780  
2023-06-01 13:07:28.518: [iter 8 : loss : 0.0331 = 0.0262 + 0.0000 + 0.0068, time: 58.607961]
2023-06-01 13:07:36.068: epoch 8:	0.02913699  	0.06516296  	0.05357176  	0.09924554  	0.11125193  
2023-06-01 13:08:37.490: [iter 9 : loss : 0.0318 = 0.0249 + 0.0000 + 0.0069, time: 58.515792]
2023-06-01 13:08:43.664: epoch 9:	0.02916065  	0.06522367  	0.05359945  	0.09912824  	0.11111779  
2023-06-01 13:09:44.983: [iter 10 : loss : 0.0312 = 0.0242 + 0.0000 + 0.0069, time: 58.509274]
2023-06-01 13:09:52.570: epoch 10:	0.02913541  	0.06512723  	0.05350517  	0.09885835  	0.11077743  
2023-06-01 13:10:53.667: [iter 11 : loss : 0.0301 = 0.0231 + 0.0000 + 0.0070, time: 58.230748]
2023-06-01 13:11:01.203: epoch 11:	0.02914961  	0.06520399  	0.05357768  	0.09894381  	0.11093178  
2023-06-01 13:12:02.164: [iter 12 : loss : 0.0296 = 0.0225 + 0.0000 + 0.0071, time: 58.122855]
2023-06-01 13:12:08.651: epoch 12:	0.02914488  	0.06516416  	0.05357156  	0.09898006  	0.11096635  
2023-06-01 13:13:09.044: [iter 13 : loss : 0.0291 = 0.0220 + 0.0000 + 0.0071, time: 57.546108]
2023-06-01 13:13:16.987: epoch 13:	0.02915907  	0.06514277  	0.05355893  	0.09888913  	0.11093068  
2023-06-01 13:14:17.822: [iter 14 : loss : 0.0288 = 0.0216 + 0.0000 + 0.0072, time: 58.017284]
2023-06-01 13:14:25.389: epoch 14:	0.02911013  	0.06512918  	0.05353719  	0.09888472  	0.11096913  
2023-06-01 13:15:26.301: [iter 15 : loss : 0.0281 = 0.0209 + 0.0000 + 0.0072, time: 58.145278]
2023-06-01 13:15:32.529: epoch 15:	0.02913381  	0.06512559  	0.05351655  	0.09907648  	0.11085832  
2023-06-01 13:16:32.854: [iter 16 : loss : 0.0274 = 0.0201 + 0.0000 + 0.0073, time: 57.582805]
2023-06-01 13:16:40.444: epoch 16:	0.02919223  	0.06530732  	0.05359763  	0.09912070  	0.11077844  
2023-06-01 13:17:41.004: [iter 17 : loss : 0.0273 = 0.0200 + 0.0000 + 0.0073, time: 57.751830]
2023-06-01 13:17:48.471: epoch 17:	0.02914958  	0.06512942  	0.05352120  	0.09900960  	0.11082701  
2023-06-01 13:18:49.815: [iter 18 : loss : 0.0267 = 0.0193 + 0.0000 + 0.0074, time: 58.600293]
2023-06-01 13:18:56.192: epoch 18:	0.02914171  	0.06510638  	0.05350241  	0.09878727  	0.11069161  
2023-06-01 13:19:56.563: [iter 19 : loss : 0.0267 = 0.0192 + 0.0000 + 0.0075, time: 57.625875]
2023-06-01 13:20:03.800: epoch 19:	0.02914961  	0.06515859  	0.05350767  	0.09882062  	0.11065887  
2023-06-01 13:21:04.346: [iter 20 : loss : 0.0263 = 0.0188 + 0.0000 + 0.0075, time: 57.762697]
2023-06-01 13:21:12.168: epoch 20:	0.02913540  	0.06512561  	0.05347991  	0.09874508  	0.11061464  
2023-06-01 13:22:12.821: [iter 21 : loss : 0.0259 = 0.0184 + 0.0000 + 0.0076, time: 57.879938]
2023-06-01 13:22:19.349: epoch 21:	0.02918590  	0.06525678  	0.05353078  	0.09861237  	0.11058368  
2023-06-01 13:23:20.028: [iter 22 : loss : 0.0275 = 0.0199 + 0.0000 + 0.0076, time: 57.970874]
2023-06-01 13:23:27.099: epoch 22:	0.02915275  	0.06521394  	0.05348298  	0.09853008  	0.11056165  
2023-06-01 13:24:27.785: [iter 23 : loss : 0.0272 = 0.0196 + 0.0000 + 0.0076, time: 57.900735]
2023-06-01 13:24:35.396: epoch 23:	0.02908802  	0.06506547  	0.05342402  	0.09854283  	0.11045437  
2023-06-01 13:25:37.228: [iter 24 : loss : 0.0274 = 0.0197 + 0.0000 + 0.0077, time: 59.032737]
2023-06-01 13:25:43.460: epoch 24:	0.02902960  	0.06493104  	0.05343790  	0.09898764  	0.11089844  
2023-06-01 13:26:43.446: [iter 25 : loss : 0.0271 = 0.0194 + 0.0000 + 0.0077, time: 57.204604]
2023-06-01 13:26:51.058: epoch 25:	0.02902803  	0.06487028  	0.05338576  	0.09861305  	0.11081905  
2023-06-01 13:27:52.404: [iter 26 : loss : 0.0266 = 0.0188 + 0.0000 + 0.0078, time: 58.563595]
2023-06-01 13:28:00.089: epoch 26:	0.02903590  	0.06485526  	0.05330366  	0.09852777  	0.11043783  
2023-06-01 13:29:01.414: [iter 27 : loss : 0.0264 = 0.0186 + 0.0000 + 0.0078, time: 58.512733]
2023-06-01 13:29:07.555: epoch 27:	0.02905170  	0.06487780  	0.05339047  	0.09895249  	0.11088538  
2023-06-01 13:30:09.212: [iter 28 : loss : 0.0264 = 0.0186 + 0.0000 + 0.0078, time: 58.946950]
2023-06-01 13:30:16.674: epoch 28:	0.02902171  	0.06481285  	0.05331749  	0.09866443  	0.11071959  
2023-06-01 13:31:17.464: [iter 29 : loss : 0.0262 = 0.0184 + 0.0000 + 0.0079, time: 58.029893]
2023-06-01 13:31:25.162: epoch 29:	0.02896961  	0.06457178  	0.05321084  	0.09856988  	0.11051016  
2023-06-01 13:32:27.427: [iter 30 : loss : 0.0260 = 0.0181 + 0.0000 + 0.0079, time: 59.525694]
2023-06-01 13:32:33.053: epoch 30:	0.02890964  	0.06455514  	0.05321615  	0.09878050  	0.11073424  
2023-06-01 13:33:32.078: [iter 31 : loss : 0.0257 = 0.0178 + 0.0000 + 0.0079, time: 56.359170]
2023-06-01 13:33:40.063: epoch 31:	0.02892699  	0.06456402  	0.05315290  	0.09854185  	0.11040127  
2023-06-01 13:34:41.004: [iter 32 : loss : 0.0256 = 0.0177 + 0.0000 + 0.0079, time: 58.192952]
2023-06-01 13:34:48.162: epoch 32:	0.02887332  	0.06443807  	0.05313564  	0.09878512  	0.11063515  
2023-06-01 13:35:47.793: [iter 33 : loss : 0.0256 = 0.0176 + 0.0000 + 0.0080, time: 56.838072]
2023-06-01 13:35:53.708: epoch 33:	0.02885752  	0.06442776  	0.05309428  	0.09879504  	0.11047600  
2023-06-01 13:36:54.480: [iter 34 : loss : 0.0256 = 0.0176 + 0.0000 + 0.0080, time: 58.070405]
2023-06-01 13:37:02.192: epoch 34:	0.02885123  	0.06439596  	0.05306331  	0.09850259  	0.11028321  
2023-06-01 13:38:02.529: [iter 35 : loss : 0.0250 = 0.0169 + 0.0000 + 0.0080, time: 57.561528]
2023-06-01 13:38:09.734: epoch 35:	0.02888913  	0.06439928  	0.05306884  	0.09845553  	0.11028793  
2023-06-01 13:39:10.567: [iter 36 : loss : 0.0248 = 0.0167 + 0.0000 + 0.0081, time: 58.063597]
2023-06-01 13:39:16.365: epoch 36:	0.02886858  	0.06432782  	0.05302615  	0.09851797  	0.11026872  
2023-06-01 13:40:17.225: [iter 37 : loss : 0.0249 = 0.0168 + 0.0000 + 0.0081, time: 58.157954]
