2023-06-01 10:30:24.897: Dataset name: yelp2018
The number of users: 31668
The number of items: 38048
The number of ratings: 1561406
Average actions of users: 49.31
Average actions of items: 41.04
The sparsity of the dataset: 99.870412%
2023-06-01 10:30:24.897: 

NeuRec hyperparameters:
recommender=SGL
config_dir=./conf
gpu_id=1
gpu_mem=0.5
data.input.path=dataset
data.input.dataset=yelp2018
data.column.format=UI
data.convert.separator=','
user_min=0
item_min=0
splitter=given
ratio=0.8
by_time=False
metric=["Precision", "Recall", "NDCG", "MAP", "MRR"]
topk=[20]
group_view=None
rec.evaluate.neg=0
test_batch_size=128
num_thread=8
start_testing_epoch=0
proj_path=./

SGL's hyperparameters:
seed=2021
aug_type=1
reg=1e-4
embed_size=64
n_layers=3
ssl_reg=0.1
ssl_ratio=0.1
ssl_temp=0.2
ssl_mode=both_side
lr=0.001
learner=adam
adj_type=pre
epochs=10
batch_size=2048
num_negatives=1
init_method=xavier_uniform
stddev=0.01
verbose=1
stop_cnt=20
pretrain=0
save_flag=0

2023-06-01 10:30:28.440: metrics:	Precision@20	Recall@20   	NDCG@20     	MAP@20      	MRR@20      
2023-06-01 10:30:31.374: 		0.00026525  	0.00054234  	0.00045428  	0.00116847  	0.00116847  
2023-06-01 10:32:05.225: [iter 1 : loss : 1.8208 = 0.6931 + 1.1277 + 0.0000, time: 91.362242]
2023-06-01 10:32:08.071: epoch 1:	0.00203516  	0.00417891  	0.00341160  	0.00754145  	0.00782087  
2023-06-01 10:32:08.072: Found a better model.
2023-06-01 10:33:40.678: [iter 2 : loss : 1.8187 = 0.6930 + 1.1257 + 0.0000, time: 90.114499]
2023-06-01 10:33:43.514: epoch 2:	0.00296516  	0.00602359  	0.00505556  	0.01137100  	0.01195436  
2023-06-01 10:33:43.514: Found a better model.
2023-06-01 10:35:15.552: [iter 3 : loss : 1.8183 = 0.6929 + 1.1254 + 0.0000, time: 89.533350]
2023-06-01 10:35:18.374: epoch 3:	0.00388726  	0.00791017  	0.00669953  	0.01505686  	0.01580121  
2023-06-01 10:35:18.375: Found a better model.
