2023-06-01 13:58:11.080: Dataset name: yelp2018
The number of users: 31668
The number of items: 38048
The number of ratings: 1561406
Average actions of users: 49.31
Average actions of items: 41.04
The sparsity of the dataset: 99.870412%
2023-06-01 13:58:11.080: 

NeuRec hyperparameters:
recommender=SGL
config_dir=./conf
gpu_id=1
gpu_mem=0.5
data.input.path=dataset
data.input.dataset=yelp2018
data.column.format=UI
data.convert.separator=','
user_min=0
item_min=0
splitter=given
ratio=0.8
by_time=False
metric=["Precision", "Recall", "NDCG", "MAP", "MRR"]
topk=[20]
group_view=None
rec.evaluate.neg=0
test_batch_size=128
num_thread=8
start_testing_epoch=0
proj_path=./

SGL's hyperparameters:
seed=2021
aug_type=1
reg=1e-4
embed_size=64
n_layers=3
ssl_reg=0.1
ssl_ratio=0.1
ssl_temp=0.2
ssl_mode=both_side
ssl_loss_type=2
lr=0.001
learner=adam
adj_type=pre
epochs=20
batch_size=2048
num_negatives=1
init_method=xavier_uniform
stddev=0.01
verbose=1
stop_cnt=50
pretrain=0
save_flag=0

